<?xml version="1.0" encoding="UTF-8"?>
<!-- Generated by org.testng.reporters.JUnitReportReporter -->
<testsuite hostname="DESKTOP-401KMEB" failures="0" tests="1" name="ExtentReports.ExtendReportsDemo" time="47.401" errors="0" timestamp="2022-05-26T10:50:37 IST" skipped="0">
  <testcase classname="ExtentReports.ExtendReportsDemo" name="InitialDemo" time="47.401"/>
  <system-out/>
</testsuite> <!-- ExtentReports.ExtendReportsDemo -->
